This is pdfTeX, Version 3.14159265-2.6-1.40.18 (TeX Live 2017/Debian) (preloaded format=pdflatex 2020.10.18)  18 FEB 2022 07:09
entering extended mode
 restricted \write18 enabled.
 %&-line parsing enabled.
**title.tex
(./title.tex
LaTeX2e <2017-04-15>
Babel <3.18> and hyphenation patterns for 84 language(s) loaded.

! LaTeX Error: Missing \begin{document}.

See the LaTeX manual or LaTeX Companion for explanation.
Type  H <return>  for immediate help.
 ...                                              
                                                  
l.1 	\begin{center}
                   
You're in trouble here.  Try typing  <return>  to proceed.
If that doesn't work, type  X <return>  to quit.


Overfull \hbox (20.0pt too wide) in paragraph at lines 1--1
[] 
 []

! Undefined control sequence.
<recently read> \Large 
                       
l.2 ...твенный университет имени М.В. Ломоносова}}
                                                   \\
The control sequence at the end of the top line
of your error message was never \def'ed. If you have
misspelled it (e.g., `\hobx'), type `I' and the correct
spelling (e.g., `I\hbox'). Otherwise just continue,
and I'll forget about whatever was undefined.

Missing character: There is no М in font cmbx10!
Missing character: There is no о in font cmbx10!
Missing character: There is no с in font cmbx10!
Missing character: There is no к in font cmbx10!
Missing character: There is no о in font cmbx10!
Missing character: There is no в in font cmbx10!
Missing character: There is no с in font cmbx10!
Missing character: There is no к in font cmbx10!
Missing character: There is no и in font cmbx10!
Missing character: There is no й in font cmbx10!
Missing character: There is no г in font cmbx10!
Missing character: There is no о in font cmbx10!
Missing character: There is no с in font cmbx10!
Missing character: There is no у in font cmbx10!
Missing character: There is no д in font cmbx10!
Missing character: There is no а in font cmbx10!
Missing character: There is no р in font cmbx10!
Missing character: There is no с in font cmbx10!
Missing character: There is no т in font cmbx10!
Missing character: There is no в in font cmbx10!
Missing character: There is no е in font cmbx10!
Missing character: There is no н in font cmbx10!
Missing character: There is no н in font cmbx10!
Missing character: There is no ы in font cmbx10!
Missing character: There is no й in font cmbx10!
Missing character: There is no у in font cmbx10!
Missing character: There is no н in font cmbx10!
Missing character: There is no и in font cmbx10!
Missing character: There is no в in font cmbx10!
Missing character: There is no е in font cmbx10!
Missing character: There is no р in font cmbx10!
Missing character: There is no с in font cmbx10!
Missing character: There is no и in font cmbx10!
Missing character: There is no т in font cmbx10!
Missing character: There is no е in font cmbx10!
Missing character: There is no т in font cmbx10!
Missing character: There is no и in font cmbx10!
Missing character: There is no м in font cmbx10!
Missing character: There is no е in font cmbx10!
Missing character: There is no н in font cmbx10!
Missing character: There is no и in font cmbx10!
Missing character: There is no М in font cmbx10!
Missing character: There is no В in font cmbx10!
Missing character: There is no Л in font cmbx10!
Missing character: There is no о in font cmbx10!
Missing character: There is no м in font cmbx10!
Missing character: There is no о in font cmbx10!
Missing character: There is no н in font cmbx10!
Missing character: There is no о in font cmbx10!
Missing character: There is no с in font cmbx10!
Missing character: There is no о in font cmbx10!
Missing character: There is no в in font cmbx10!
Missing character: There is no а in font cmbx10!

Overfull \hbox (6.38885pt too wide) in paragraph at lines 2--2
 \OT1/cmr/bx/n/10 .. 
 []

! Undefined control sequence.
<recently read> \Large 
                       
l.4 		\textbf{\Large{Физический факультет}}
                                            \\
The control sequence at the end of the top line
of your error message was never \def'ed. If you have
misspelled it (e.g., `\hobx'), type `I' and the correct
spelling (e.g., `I\hbox'). Otherwise just continue,
and I'll forget about whatever was undefined.

Missing character: There is no Ф in font cmbx10!
Missing character: There is no и in font cmbx10!
Missing character: There is no з in font cmbx10!
Missing character: There is no и in font cmbx10!
Missing character: There is no ч in font cmbx10!
Missing character: There is no е in font cmbx10!
Missing character: There is no с in font cmbx10!
Missing character: There is no к in font cmbx10!
Missing character: There is no и in font cmbx10!
Missing character: There is no й in font cmbx10!
Missing character: There is no ф in font cmbx10!
Missing character: There is no а in font cmbx10!
Missing character: There is no к in font cmbx10!
Missing character: There is no у in font cmbx10!
Missing character: There is no л in font cmbx10!
Missing character: There is no ь in font cmbx10!
Missing character: There is no т in font cmbx10!
Missing character: There is no е in font cmbx10!
Missing character: There is no т in font cmbx10!
! Undefined control sequence.
<recently read> \Large 
                       
l.6 ...xtbf{\Large{Кафедра квантовой электроники}}
                                                  
The control sequence at the end of the top line
of your error message was never \def'ed. If you have
misspelled it (e.g., `\hobx'), type `I' and the correct
spelling (e.g., `I\hbox'). Otherwise just continue,
and I'll forget about whatever was undefined.

Missing character: There is no К in font cmbx10!
Missing character: There is no а in font cmbx10!
Missing character: There is no ф in font cmbx10!
Missing character: There is no е in font cmbx10!
Missing character: There is no д in font cmbx10!
Missing character: There is no р in font cmbx10!
Missing character: There is no а in font cmbx10!
Missing character: There is no к in font cmbx10!
Missing character: There is no в in font cmbx10!
Missing character: There is no а in font cmbx10!
Missing character: There is no н in font cmbx10!
Missing character: There is no т in font cmbx10!
Missing character: There is no о in font cmbx10!
Missing character: There is no в in font cmbx10!
Missing character: There is no о in font cmbx10!
Missing character: There is no й in font cmbx10!
Missing character: There is no э in font cmbx10!
Missing character: There is no л in font cmbx10!
Missing character: There is no е in font cmbx10!
Missing character: There is no к in font cmbx10!
Missing character: There is no т in font cmbx10!
Missing character: There is no р in font cmbx10!
Missing character: There is no о in font cmbx10!
Missing character: There is no н in font cmbx10!
Missing character: There is no и in font cmbx10!
Missing character: There is no к in font cmbx10!
Missing character: There is no и in font cmbx10!

Overfull \hbox (20.0pt too wide) in paragraph at lines 15--15
[] 
 []

! Undefined control sequence.
<recently read> \LARGE 
                       
l.16 ...ац для вариационных квантовых алгоритмов}}
                                                  
The control sequence at the end of the top line
of your error message was never \def'ed. If you have
misspelled it (e.g., `\hobx'), type `I' and the correct
spelling (e.g., `I\hbox'). Otherwise just continue,
and I'll forget about whatever was undefined.

Missing character: There is no Б in font cmbx10!
Missing character: There is no л in font cmbx10!
Missing character: There is no о in font cmbx10!
Missing character: There is no ч in font cmbx10!
Missing character: There is no н in font cmbx10!
Missing character: There is no ы in font cmbx10!
Missing character: There is no й in font cmbx10!
Missing character: There is no а in font cmbx10!
Missing character: There is no п in font cmbx10!
Missing character: There is no п in font cmbx10!
Missing character: There is no а in font cmbx10!
Missing character: There is no р in font cmbx10!
Missing character: There is no а in font cmbx10!
Missing character: There is no т in font cmbx10!
Missing character: There is no н in font cmbx10!
Missing character: There is no о in font cmbx10!
Missing character: There is no э in font cmbx10!
Missing character: There is no ф in font cmbx10!
Missing character: There is no ф in font cmbx10!
Missing character: There is no е in font cmbx10!
Missing character: There is no к in font cmbx10!
Missing character: There is no т in font cmbx10!
Missing character: There is no и in font cmbx10!
Missing character: There is no в in font cmbx10!
Missing character: There is no н in font cmbx10!
Missing character: There is no ы in font cmbx10!
Missing character: There is no й in font cmbx10!
Missing character: There is no а in font cmbx10!
Missing character: There is no н in font cmbx10!
Missing character: There is no з in font cmbx10!
Missing character: There is no а in font cmbx10!
Missing character: There is no ц in font cmbx10!
Missing character: There is no д in font cmbx10!
Missing character: There is no л in font cmbx10!
Missing character: There is no я in font cmbx10!
Missing character: There is no в in font cmbx10!
Missing character: There is no а in font cmbx10!
Missing character: There is no р in font cmbx10!
Missing character: There is no и in font cmbx10!
Missing character: There is no а in font cmbx10!
Missing character: There is no ц in font cmbx10!
Missing character: There is no и in font cmbx10!
Missing character: There is no о in font cmbx10!
Missing character: There is no н in font cmbx10!
Missing character: There is no н in font cmbx10!
Missing character: There is no ы in font cmbx10!
Missing character: There is no х in font cmbx10!
Missing character: There is no к in font cmbx10!
Missing character: There is no в in font cmbx10!
Missing character: There is no а in font cmbx10!
Missing character: There is no н in font cmbx10!
Missing character: There is no т in font cmbx10!
Missing character: There is no о in font cmbx10!
Missing character: There is no в in font cmbx10!
Missing character: There is no ы in font cmbx10!
Missing character: There is no х in font cmbx10!
Missing character: There is no а in font cmbx10!
Missing character: There is no л in font cmbx10!
Missing character: There is no г in font cmbx10!
Missing character: There is no о in font cmbx10!
Missing character: There is no р in font cmbx10!
Missing character: There is no и in font cmbx10!
Missing character: There is no т in font cmbx10!
Missing character: There is no м in font cmbx10!
Missing character: There is no о in font cmbx10!
Missing character: There is no в in font cmbx10!

Overfull \hbox (3.83331pt too wide) in paragraph at lines 16--17
 \OT1/cmr/bx/n/10 - 
 []


Overfull \hbox (20.0pt too wide) in paragraph at lines 21--21
[] 
 []

! Undefined control sequence.
l.22 		\large
             {Дипломная работа студента группы 227мм \linebreak
The control sequence at the end of the top line
of your error message was never \def'ed. If you have
misspelled it (e.g., `\hobx'), type `I' and the correct
spelling (e.g., `I\hbox'). Otherwise just continue,
and I'll forget about whatever was undefined.

Missing character: There is no Д in font nullfont!
Missing character: There is no и in font nullfont!
Missing character: There is no п in font nullfont!
Missing character: There is no л in font nullfont!
Missing character: There is no о in font nullfont!
Missing character: There is no м in font nullfont!
Missing character: There is no н in font nullfont!
Missing character: There is no а in font nullfont!
Missing character: There is no я in font nullfont!
Missing character: There is no р in font nullfont!
Missing character: There is no а in font nullfont!
Missing character: There is no б in font nullfont!
Missing character: There is no о in font nullfont!
Missing character: There is no т in font nullfont!
Missing character: There is no а in font nullfont!
Missing character: There is no с in font nullfont!
Missing character: There is no т in font nullfont!
Missing character: There is no у in font nullfont!
Missing character: There is no д in font nullfont!
Missing character: There is no е in font nullfont!
Missing character: There is no н in font nullfont!
Missing character: There is no т in font nullfont!
Missing character: There is no а in font nullfont!
Missing character: There is no г in font nullfont!
Missing character: There is no р in font nullfont!
Missing character: There is no у in font nullfont!
Missing character: There is no п in font nullfont!
Missing character: There is no п in font nullfont!
Missing character: There is no ы in font nullfont!
Missing character: There is no 2 in font nullfont!
Missing character: There is no 2 in font nullfont!
Missing character: There is no 7 in font nullfont!
Missing character: There is no м in font nullfont!
Missing character: There is no м in font nullfont!
Missing character: There is no Ж in font nullfont!
Missing character: There is no б in font nullfont!
Missing character: There is no а in font nullfont!
Missing character: There is no н in font nullfont!
Missing character: There is no н in font nullfont!
Missing character: There is no и in font nullfont!
Missing character: There is no к in font nullfont!
Missing character: There is no о in font nullfont!
Missing character: There is no в in font nullfont!
Missing character: There is no а in font nullfont!
Missing character: There is no С in font nullfont!
Missing character: There is no т in font nullfont!
Missing character: There is no а in font nullfont!
Missing character: There is no н in font nullfont!
Missing character: There is no и in font nullfont!
Missing character: There is no с in font nullfont!
Missing character: There is no л in font nullfont!
Missing character: There is no а in font nullfont!
Missing character: There is no в in font nullfont!
Missing character: There is no а in font nullfont!
Missing character: There is no О in font nullfont!
Missing character: There is no л in font nullfont!
Missing character: There is no е in font nullfont!
Missing character: There is no г in font nullfont!
Missing character: There is no о in font nullfont!
Missing character: There is no в in font nullfont!
Missing character: There is no и in font nullfont!
Missing character: There is no ч in font nullfont!
Missing character: There is no а in font nullfont!

Overfull \hbox (20.0pt too wide) in paragraph at lines 28--28
[] 
 []

! Undefined control sequence.
l.30 	\large
            {	Научный руководитель \linebreak
The control sequence at the end of the top line
of your error message was never \def'ed. If you have
misspelled it (e.g., `\hobx'), type `I' and the correct
spelling (e.g., `I\hbox'). Otherwise just continue,
and I'll forget about whatever was undefined.

Missing character: There is no Н in font nullfont!
Missing character: There is no а in font nullfont!
Missing character: There is no у in font nullfont!
Missing character: There is no ч in font nullfont!
Missing character: There is no н in font nullfont!
Missing character: There is no ы in font nullfont!
Missing character: There is no й in font nullfont!
Missing character: There is no р in font nullfont!
Missing character: There is no у in font nullfont!
Missing character: There is no к in font nullfont!
Missing character: There is no о in font nullfont!
Missing character: There is no в in font nullfont!
Missing character: There is no о in font nullfont!
Missing character: There is no д in font nullfont!
Missing character: There is no и in font nullfont!
Missing character: There is no т in font nullfont!
Missing character: There is no е in font nullfont!
Missing character: There is no л in font nullfont!
Missing character: There is no ь in font nullfont!
Missing character: There is no к in font nullfont!
Missing character: There is no . in font nullfont!
Missing character: There is no ф in font nullfont!
Missing character: There is no . in font nullfont!
Missing character: There is no - in font nullfont!
Missing character: There is no м in font nullfont!
Missing character: There is no . in font nullfont!
Missing character: There is no н in font nullfont!
Missing character: There is no . in font nullfont!
Missing character: There is no , in font nullfont!
Missing character: There is no с in font nullfont!
Missing character: There is no . in font nullfont!
Missing character: There is no н in font nullfont!
Missing character: There is no . in font nullfont!
Missing character: There is no с in font nullfont!
Missing character: There is no . in font nullfont!
Missing character: There is no Ц in font nullfont!
Missing character: There is no е in font nullfont!
Missing character: There is no н in font nullfont!
Missing character: There is no т in font nullfont!
Missing character: There is no р in font nullfont!
Missing character: There is no а in font nullfont!
Missing character: There is no к in font nullfont!
Missing character: There is no в in font nullfont!
Missing character: There is no а in font nullfont!
Missing character: There is no н in font nullfont!
Missing character: There is no т in font nullfont!
Missing character: There is no о in font nullfont!
Missing character: There is no в in font nullfont!
Missing character: There is no ы in font nullfont!
Missing character: There is no х in font nullfont!
Missing character: There is no т in font nullfont!
Missing character: There is no е in font nullfont!
Missing character: There is no х in font nullfont!
Missing character: There is no н in font nullfont!
Missing character: There is no о in font nullfont!
Missing character: There is no л in font nullfont!
Missing character: There is no о in font nullfont!
Missing character: There is no г in font nullfont!
Missing character: There is no и in font nullfont!
Missing character: There is no й in font nullfont!
Missing character: There is no ф in font nullfont!
Missing character: There is no и in font nullfont!
Missing character: There is no з in font nullfont!
Missing character: There is no и in font nullfont!
Missing character: There is no ч in font nullfont!
Missing character: There is no е in font nullfont!
Missing character: There is no с in font nullfont!
Missing character: There is no к in font nullfont!
Missing character: There is no о in font nullfont!
Missing character: There is no г in font nullfont!
Missing character: There is no о in font nullfont!
Missing character: There is no ф in font nullfont!
Missing character: There is no а in font nullfont!
Missing character: There is no к in font nullfont!
Missing character: There is no у in font nullfont!
Missing character: There is no л in font nullfont!
Missing character: There is no ь in font nullfont!
Missing character: There is no т in font nullfont!
Missing character: There is no е in font nullfont!
Missing character: There is no т in font nullfont!
Missing character: There is no а in font nullfont!
Missing character: There is no М in font nullfont!
Missing character: There is no Г in font nullfont!
Missing character: There is no У in font nullfont!
Missing character: There is no и in font nullfont!
Missing character: There is no м in font nullfont!
Missing character: There is no е in font nullfont!
Missing character: There is no н in font nullfont!
Missing character: There is no и in font nullfont!
Missing character: There is no М in font nullfont!
Missing character: There is no . in font nullfont!
Missing character: There is no В in font nullfont!
Missing character: There is no . in font nullfont!
Missing character: There is no Л in font nullfont!
Missing character: There is no о in font nullfont!
Missing character: There is no м in font nullfont!
Missing character: There is no о in font nullfont!
Missing character: There is no н in font nullfont!
Missing character: There is no о in font nullfont!
Missing character: There is no с in font nullfont!
Missing character: There is no о in font nullfont!
Missing character: There is no в in font nullfont!
Missing character: There is no а in font nullfont!
Missing character: There is no С in font nullfont!
Missing character: There is no а in font nullfont!
Missing character: There is no й in font nullfont!
Missing character: There is no г in font nullfont!
Missing character: There is no и in font nullfont!
Missing character: There is no н in font nullfont!
Missing character: There is no М in font nullfont!
Missing character: There is no и in font nullfont!
Missing character: There is no х in font nullfont!
Missing character: There is no а in font nullfont!
Missing character: There is no и in font nullfont!
Missing character: There is no л in font nullfont!
Missing character: There is no Ю in font nullfont!
Missing character: There is no р in font nullfont!
Missing character: There is no ь in font nullfont!
Missing character: There is no е in font nullfont!
Missing character: There is no в in font nullfont!
Missing character: There is no и in font nullfont!
Missing character: There is no ч in font nullfont!

Overfull \hbox (20.0pt too wide) in paragraph at lines 42--42
[] 
 []

! Undefined control sequence.
<argument> {\large 
                   Москва 2022}
l.43 	\textbf{{\large Москва 2022}}
                                   
The control sequence at the end of the top line
of your error message was never \def'ed. If you have
misspelled it (e.g., `\hobx'), type `I' and the correct
spelling (e.g., `I\hbox'). Otherwise just continue,
and I'll forget about whatever was undefined.

Missing character: There is no М in font cmbx10!
Missing character: There is no о in font cmbx10!
Missing character: There is no с in font cmbx10!
Missing character: There is no к in font cmbx10!
Missing character: There is no в in font cmbx10!
Missing character: There is no а in font cmbx10!

Overfull \hbox (22.99988pt too wide) in paragraph at lines 43--44
 \OT1/cmr/bx/n/10 2022 
 []

)
! Emergency stop.
<*> title.tex
             
*** (job aborted, no legal \end found)

 
Here is how much of TeX's memory you used:
 10 strings out of 492982
 161 string characters out of 6134895
 54916 words of memory out of 5000000
 3676 multiletter control sequences out of 15000+600000
 3948 words of font info for 15 fonts, out of 8000000 for 9000
 1141 hyphenation exceptions out of 8191
 13i,1n,10p,120b,110s stack positions out of 5000i,500n,10000p,200000b,80000s
!  ==> Fatal error occurred, no output PDF file produced!
